This file contains any messages produced by compilers while
running configure, to aid debugging if configure makes a mistake.

It was created by tesseract-box-merge configure 0.1, which was
generated by GNU Autoconf 2.69.  Invocation command line was

  $ ./configure 

## --------- ##
## Platform. ##
## --------- ##

hostname = gigtupus
uname -m = x86_64
uname -r = 4.2.0-16-generic
uname -s = Linux
uname -v = #19-Ubuntu SMP Thu Oct 8 15:35:06 UTC 2015

/usr/bin/uname -p = unknown
/bin/uname -X     = unknown

/bin/arch              = unknown
/usr/bin/arch -k       = unknown
/usr/convex/getsysinfo = unknown
/usr/bin/hostinfo      = unknown
/bin/machine           = unknown
/usr/bin/oslevel       = unknown
/bin/universe          = unknown

PATH: /usr/local/sbin
PATH: /usr/local/bin
PATH: /usr/sbin
PATH: /usr/bin
PATH: /sbin
PATH: /bin
PATH: /usr/games
PATH: /usr/local/games


## ----------- ##
## Core tests. ##
## ----------- ##

configure:2247: checking for a BSD-compatible install
configure:2315: result: /usr/bin/install -c
configure:2326: checking whether build environment is sane
configure:2381: result: yes
configure:2532: checking for a thread-safe mkdir -p
configure:2571: result: /bin/mkdir -p
configure:2578: checking for gawk
configure:2594: found /usr/bin/gawk
configure:2605: result: gawk
configure:2616: checking whether make sets $(MAKE)
configure:2638: result: yes
configure:2667: checking whether make supports nested variables
configure:2684: result: yes
configure:2822: checking whether make supports nested variables
configure:2839: result: yes
configure:2900: checking for gcc
configure:2916: found /usr/bin/gcc
configure:2927: result: gcc
configure:3156: checking for C compiler version
configure:3165: gcc --version >&5
gcc (Ubuntu 5.2.1-22ubuntu2) 5.2.1 20151010
Copyright (C) 2015 Free Software Foundation, Inc.
This is free software; see the source for copying conditions.  There is NO
warranty; not even for MERCHANTABILITY or FITNESS FOR A PARTICULAR PURPOSE.

configure:3176: $? = 0
configure:3165: gcc -v >&5
Using built-in specs.
COLLECT_GCC=gcc
COLLECT_LTO_WRAPPER=/usr/lib/gcc/x86_64-linux-gnu/5/lto-wrapper
Target: x86_64-linux-gnu
Configured with: ../src/configure -v --with-pkgversion='Ubuntu 5.2.1-22ubuntu2' --with-bugurl=file:///usr/share/doc/gcc-5/README.Bugs --enable-languages=c,ada,c++,java,go,d,fortran,objc,obj-c++ --prefix=/usr --program-suffix=-5 --enable-shared --enable-linker-build-id --libexecdir=/usr/lib --without-included-gettext --enable-threads=posix --libdir=/usr/lib --enable-nls --with-sysroot=/ --enable-clocale=gnu --enable-libstdcxx-debug --enable-libstdcxx-time=yes --with-default-libstdcxx-abi=new --enable-gnu-unique-object --disable-vtable-verify --enable-libmpx --enable-plugin --with-system-zlib --disable-browser-plugin --enable-java-awt=gtk --enable-gtk-cairo --with-java-home=/usr/lib/jvm/java-1.5.0-gcj-5-amd64/jre --enable-java-home --with-jvm-root-dir=/usr/lib/jvm/java-1.5.0-gcj-5-amd64 --with-jvm-jar-dir=/usr/lib/jvm-exports/java-1.5.0-gcj-5-amd64 --with-arch-directory=amd64 --with-ecj-jar=/usr/share/java/eclipse-ecj.jar --enable-objc-gc --enable-multiarch --disable-werror --with-arch-32=i686 --with-abi=m64 --with-multilib-list=m32,m64,mx32 --enable-multilib --with-tune=generic --enable-checking=release --build=x86_64-linux-gnu --host=x86_64-linux-gnu --target=x86_64-linux-gnu
Thread model: posix
gcc version 5.2.1 20151010 (Ubuntu 5.2.1-22ubuntu2) 
configure:3176: $? = 0
configure:3165: gcc -V >&5
gcc: error: unrecognized command line option '-V'
gcc: fatal error: no input files
compilation terminated.
configure:3176: $? = 1
configure:3165: gcc -qversion >&5
gcc: error: unrecognized command line option '-qversion'
gcc: fatal error: no input files
compilation terminated.
configure:3176: $? = 1
configure:3196: checking whether the C compiler works
configure:3218: gcc    conftest.c  >&5
configure:3222: $? = 0
configure:3270: result: yes
configure:3273: checking for C compiler default output file name
configure:3275: result: a.out
configure:3281: checking for suffix of executables
configure:3288: gcc -o conftest    conftest.c  >&5
configure:3292: $? = 0
configure:3314: result: 
configure:3336: checking whether we are cross compiling
configure:3344: gcc -o conftest    conftest.c  >&5
configure:3348: $? = 0
configure:3355: ./conftest
configure:3359: $? = 0
configure:3374: result: no
configure:3379: checking for suffix of object files
configure:3401: gcc -c   conftest.c >&5
configure:3405: $? = 0
configure:3426: result: o
configure:3430: checking whether we are using the GNU C compiler
configure:3449: gcc -c   conftest.c >&5
configure:3449: $? = 0
configure:3458: result: yes
configure:3467: checking whether gcc accepts -g
configure:3487: gcc -c -g  conftest.c >&5
configure:3487: $? = 0
configure:3528: result: yes
configure:3545: checking for gcc option to accept ISO C89
configure:3608: gcc  -c -g -O2  conftest.c >&5
configure:3608: $? = 0
configure:3621: result: none needed
configure:3646: checking whether gcc understands -c and -o together
configure:3668: gcc -c conftest.c -o conftest2.o
configure:3671: $? = 0
configure:3668: gcc -c conftest.c -o conftest2.o
configure:3671: $? = 0
configure:3683: result: yes
configure:3711: checking for style of include used by make
configure:3739: result: GNU
configure:3765: checking dependency style of gcc
configure:3876: result: gcc3
configure:3902: checking how to run the C preprocessor
configure:3933: gcc -E  conftest.c
configure:3933: $? = 0
configure:3947: gcc -E  conftest.c
conftest.c:11:28: fatal error: ac_nonexistent.h: No such file or directory
compilation terminated.
configure:3947: $? = 1
configure: failed program was:
| /* confdefs.h */
| #define PACKAGE_NAME "tesseract-box-merge"
| #define PACKAGE_TARNAME "tesseract-box-merge"
| #define PACKAGE_VERSION "0.1"
| #define PACKAGE_STRING "tesseract-box-merge 0.1"
| #define PACKAGE_BUGREPORT "soroush@ametisco.ir"
| #define PACKAGE_URL ""
| #define PACKAGE "tesseract-box-merge"
| #define VERSION "0.1"
| /* end confdefs.h.  */
| #include <ac_nonexistent.h>
configure:3972: result: gcc -E
configure:3992: gcc -E  conftest.c
configure:3992: $? = 0
configure:4006: gcc -E  conftest.c
conftest.c:11:28: fatal error: ac_nonexistent.h: No such file or directory
compilation terminated.
configure:4006: $? = 1
configure: failed program was:
| /* confdefs.h */
| #define PACKAGE_NAME "tesseract-box-merge"
| #define PACKAGE_TARNAME "tesseract-box-merge"
| #define PACKAGE_VERSION "0.1"
| #define PACKAGE_STRING "tesseract-box-merge 0.1"
| #define PACKAGE_BUGREPORT "soroush@ametisco.ir"
| #define PACKAGE_URL ""
| #define PACKAGE "tesseract-box-merge"
| #define VERSION "0.1"
| /* end confdefs.h.  */
| #include <ac_nonexistent.h>
configure:4035: checking for grep that handles long lines and -e
configure:4093: result: /bin/grep
configure:4098: checking for egrep
configure:4160: result: /bin/grep -E
configure:4165: checking for ANSI C header files
configure:4185: gcc -c -g -O2  conftest.c >&5
configure:4185: $? = 0
configure:4258: gcc -o conftest -g -O2   conftest.c  >&5
configure:4258: $? = 0
configure:4258: ./conftest
configure:4258: $? = 0
configure:4269: result: yes
configure:4282: checking for sys/types.h
configure:4282: gcc -c -g -O2  conftest.c >&5
configure:4282: $? = 0
configure:4282: result: yes
configure:4282: checking for sys/stat.h
configure:4282: gcc -c -g -O2  conftest.c >&5
configure:4282: $? = 0
configure:4282: result: yes
configure:4282: checking for stdlib.h
configure:4282: gcc -c -g -O2  conftest.c >&5
configure:4282: $? = 0
configure:4282: result: yes
configure:4282: checking for string.h
configure:4282: gcc -c -g -O2  conftest.c >&5
configure:4282: $? = 0
configure:4282: result: yes
configure:4282: checking for memory.h
configure:4282: gcc -c -g -O2  conftest.c >&5
configure:4282: $? = 0
configure:4282: result: yes
configure:4282: checking for strings.h
configure:4282: gcc -c -g -O2  conftest.c >&5
configure:4282: $? = 0
configure:4282: result: yes
configure:4282: checking for inttypes.h
configure:4282: gcc -c -g -O2  conftest.c >&5
configure:4282: $? = 0
configure:4282: result: yes
configure:4282: checking for stdint.h
configure:4282: gcc -c -g -O2  conftest.c >&5
configure:4282: $? = 0
configure:4282: result: yes
configure:4282: checking for unistd.h
configure:4282: gcc -c -g -O2  conftest.c >&5
configure:4282: $? = 0
configure:4282: result: yes
configure:4297: checking for memory.h
configure:4297: result: yes
configure:4297: checking stddef.h usability
configure:4297: gcc -c -g -O2  conftest.c >&5
configure:4297: $? = 0
configure:4297: result: yes
configure:4297: checking stddef.h presence
configure:4297: gcc -E  conftest.c
configure:4297: $? = 0
configure:4297: result: yes
configure:4297: checking for stddef.h
configure:4297: result: yes
configure:4297: checking for stdlib.h
configure:4297: result: yes
configure:4297: checking for string.h
configure:4297: result: yes
configure:4297: checking for unistd.h
configure:4297: result: yes
configure:4309: checking for size_t
configure:4309: gcc -c -g -O2  conftest.c >&5
configure:4309: $? = 0
configure:4309: gcc -c -g -O2  conftest.c >&5
conftest.c: In function 'main':
conftest.c:62:21: error: expected expression before ')' token
 if (sizeof ((size_t)))
                     ^
configure:4309: $? = 1
configure: failed program was:
| /* confdefs.h */
| #define PACKAGE_NAME "tesseract-box-merge"
| #define PACKAGE_TARNAME "tesseract-box-merge"
| #define PACKAGE_VERSION "0.1"
| #define PACKAGE_STRING "tesseract-box-merge 0.1"
| #define PACKAGE_BUGREPORT "soroush@ametisco.ir"
| #define PACKAGE_URL ""
| #define PACKAGE "tesseract-box-merge"
| #define VERSION "0.1"
| #define STDC_HEADERS 1
| #define HAVE_SYS_TYPES_H 1
| #define HAVE_SYS_STAT_H 1
| #define HAVE_STDLIB_H 1
| #define HAVE_STRING_H 1
| #define HAVE_MEMORY_H 1
| #define HAVE_STRINGS_H 1
| #define HAVE_INTTYPES_H 1
| #define HAVE_STDINT_H 1
| #define HAVE_UNISTD_H 1
| #define HAVE_MEMORY_H 1
| #define HAVE_STDDEF_H 1
| #define HAVE_STDLIB_H 1
| #define HAVE_STRING_H 1
| #define HAVE_UNISTD_H 1
| /* end confdefs.h.  */
| #include <stdio.h>
| #ifdef HAVE_SYS_TYPES_H
| # include <sys/types.h>
| #endif
| #ifdef HAVE_SYS_STAT_H
| # include <sys/stat.h>
| #endif
| #ifdef STDC_HEADERS
| # include <stdlib.h>
| # include <stddef.h>
| #else
| # ifdef HAVE_STDLIB_H
| #  include <stdlib.h>
| # endif
| #endif
| #ifdef HAVE_STRING_H
| # if !defined STDC_HEADERS && defined HAVE_MEMORY_H
| #  include <memory.h>
| # endif
| # include <string.h>
| #endif
| #ifdef HAVE_STRINGS_H
| # include <strings.h>
| #endif
| #ifdef HAVE_INTTYPES_H
| # include <inttypes.h>
| #endif
| #ifdef HAVE_STDINT_H
| # include <stdint.h>
| #endif
| #ifdef HAVE_UNISTD_H
| # include <unistd.h>
| #endif
| int
| main ()
| {
| if (sizeof ((size_t)))
| 	    return 0;
|   ;
|   return 0;
| }
configure:4309: result: yes
configure:4320: checking for ssize_t
configure:4320: gcc -c -g -O2  conftest.c >&5
configure:4320: $? = 0
configure:4320: gcc -c -g -O2  conftest.c >&5
conftest.c: In function 'main':
conftest.c:62:22: error: expected expression before ')' token
 if (sizeof ((ssize_t)))
                      ^
configure:4320: $? = 1
configure: failed program was:
| /* confdefs.h */
| #define PACKAGE_NAME "tesseract-box-merge"
| #define PACKAGE_TARNAME "tesseract-box-merge"
| #define PACKAGE_VERSION "0.1"
| #define PACKAGE_STRING "tesseract-box-merge 0.1"
| #define PACKAGE_BUGREPORT "soroush@ametisco.ir"
| #define PACKAGE_URL ""
| #define PACKAGE "tesseract-box-merge"
| #define VERSION "0.1"
| #define STDC_HEADERS 1
| #define HAVE_SYS_TYPES_H 1
| #define HAVE_SYS_STAT_H 1
| #define HAVE_STDLIB_H 1
| #define HAVE_STRING_H 1
| #define HAVE_MEMORY_H 1
| #define HAVE_STRINGS_H 1
| #define HAVE_INTTYPES_H 1
| #define HAVE_STDINT_H 1
| #define HAVE_UNISTD_H 1
| #define HAVE_MEMORY_H 1
| #define HAVE_STDDEF_H 1
| #define HAVE_STDLIB_H 1
| #define HAVE_STRING_H 1
| #define HAVE_UNISTD_H 1
| /* end confdefs.h.  */
| #include <stdio.h>
| #ifdef HAVE_SYS_TYPES_H
| # include <sys/types.h>
| #endif
| #ifdef HAVE_SYS_STAT_H
| # include <sys/stat.h>
| #endif
| #ifdef STDC_HEADERS
| # include <stdlib.h>
| # include <stddef.h>
| #else
| # ifdef HAVE_STDLIB_H
| #  include <stdlib.h>
| # endif
| #endif
| #ifdef HAVE_STRING_H
| # if !defined STDC_HEADERS && defined HAVE_MEMORY_H
| #  include <memory.h>
| # endif
| # include <string.h>
| #endif
| #ifdef HAVE_STRINGS_H
| # include <strings.h>
| #endif
| #ifdef HAVE_INTTYPES_H
| # include <inttypes.h>
| #endif
| #ifdef HAVE_STDINT_H
| # include <stdint.h>
| #endif
| #ifdef HAVE_UNISTD_H
| # include <unistd.h>
| #endif
| int
| main ()
| {
| if (sizeof ((ssize_t)))
| 	    return 0;
|   ;
|   return 0;
| }
configure:4320: result: yes
configure:4335: checking for stdlib.h
configure:4335: result: yes
configure:4345: checking for GNU libc compatible malloc
configure:4369: gcc -o conftest -g -O2   conftest.c  >&5
configure:4369: $? = 0
configure:4369: ./conftest
configure:4369: $? = 0
configure:4379: result: yes
configure:4403: checking for strdup
configure:4403: gcc -o conftest -g -O2   conftest.c  >&5
conftest.c:51:6: warning: conflicting types for built-in function 'strdup'
 char strdup ();
      ^
configure:4403: $? = 0
configure:4403: result: yes
configure:4403: checking for strtoul
configure:4403: gcc -o conftest -g -O2   conftest.c  >&5
configure:4403: $? = 0
configure:4403: result: yes
configure:4524: checking that generated files are newer than configure
configure:4530: result: done
configure:4553: creating ./config.status

## ---------------------- ##
## Running config.status. ##
## ---------------------- ##

This file was extended by tesseract-box-merge config.status 0.1, which was
generated by GNU Autoconf 2.69.  Invocation command line was

  CONFIG_FILES    = 
  CONFIG_HEADERS  = 
  CONFIG_LINKS    = 
  CONFIG_COMMANDS = 
  $ ./config.status 

on gigtupus

config.status:863: creating Makefile
config.status:863: creating src/Makefile
config.status:863: creating test/Makefile
config.status:863: creating config.h
config.status:1044: config.h is unchanged
config.status:1092: executing depfiles commands

## ---------------- ##
## Cache variables. ##
## ---------------- ##

ac_cv_c_compiler_gnu=yes
ac_cv_env_CC_set=
ac_cv_env_CC_value=
ac_cv_env_CFLAGS_set=
ac_cv_env_CFLAGS_value=
ac_cv_env_CPPFLAGS_set=
ac_cv_env_CPPFLAGS_value=
ac_cv_env_CPP_set=
ac_cv_env_CPP_value=
ac_cv_env_LDFLAGS_set=
ac_cv_env_LDFLAGS_value=
ac_cv_env_LIBS_set=
ac_cv_env_LIBS_value=
ac_cv_env_build_alias_set=
ac_cv_env_build_alias_value=
ac_cv_env_host_alias_set=
ac_cv_env_host_alias_value=
ac_cv_env_target_alias_set=
ac_cv_env_target_alias_value=
ac_cv_func_malloc_0_nonnull=yes
ac_cv_func_strdup=yes
ac_cv_func_strtoul=yes
ac_cv_header_inttypes_h=yes
ac_cv_header_memory_h=yes
ac_cv_header_stdc=yes
ac_cv_header_stddef_h=yes
ac_cv_header_stdint_h=yes
ac_cv_header_stdlib_h=yes
ac_cv_header_string_h=yes
ac_cv_header_strings_h=yes
ac_cv_header_sys_stat_h=yes
ac_cv_header_sys_types_h=yes
ac_cv_header_unistd_h=yes
ac_cv_objext=o
ac_cv_path_EGREP='/bin/grep -E'
ac_cv_path_GREP=/bin/grep
ac_cv_path_install='/usr/bin/install -c'
ac_cv_path_mkdir=/bin/mkdir
ac_cv_prog_AWK=gawk
ac_cv_prog_CPP='gcc -E'
ac_cv_prog_ac_ct_CC=gcc
ac_cv_prog_cc_c89=
ac_cv_prog_cc_g=yes
ac_cv_prog_make_make_set=yes
ac_cv_type_size_t=yes
ac_cv_type_ssize_t=yes
am_cv_CC_dependencies_compiler_type=gcc3
am_cv_make_support_nested_variables=yes
am_cv_prog_cc_c_o=yes

## ----------------- ##
## Output variables. ##
## ----------------- ##

ACLOCAL='${SHELL} /home/soroush/workspace/tesseract-box-merge/missing aclocal-1.15'
AMDEPBACKSLASH='\'
AMDEP_FALSE='#'
AMDEP_TRUE=''
AMTAR='$${TAR-tar}'
AM_BACKSLASH='\'
AM_DEFAULT_V='$(AM_DEFAULT_VERBOSITY)'
AM_DEFAULT_VERBOSITY='0'
AM_V='$(V)'
AUTOCONF='${SHELL} /home/soroush/workspace/tesseract-box-merge/missing autoconf'
AUTOHEADER='${SHELL} /home/soroush/workspace/tesseract-box-merge/missing autoheader'
AUTOMAKE='${SHELL} /home/soroush/workspace/tesseract-box-merge/missing automake-1.15'
AWK='gawk'
CC='gcc'
CCDEPMODE='depmode=gcc3'
CFLAGS='-g -O2'
CPP='gcc -E'
CPPFLAGS=''
CYGPATH_W='echo'
DEFS='-DHAVE_CONFIG_H'
DEPDIR='.deps'
ECHO_C=''
ECHO_N='-n'
ECHO_T=''
EGREP='/bin/grep -E'
EXEEXT=''
GREP='/bin/grep'
INSTALL_DATA='${INSTALL} -m 644'
INSTALL_PROGRAM='${INSTALL}'
INSTALL_SCRIPT='${INSTALL}'
INSTALL_STRIP_PROGRAM='$(install_sh) -c -s'
LDFLAGS=''
LIBOBJS=''
LIBS=''
LTLIBOBJS=''
MAKEINFO='${SHELL} /home/soroush/workspace/tesseract-box-merge/missing makeinfo'
MKDIR_P='/bin/mkdir -p'
OBJEXT='o'
PACKAGE='tesseract-box-merge'
PACKAGE_BUGREPORT='soroush@ametisco.ir'
PACKAGE_NAME='tesseract-box-merge'
PACKAGE_STRING='tesseract-box-merge 0.1'
PACKAGE_TARNAME='tesseract-box-merge'
PACKAGE_URL=''
PACKAGE_VERSION='0.1'
PATH_SEPARATOR=':'
SET_MAKE=''
SHELL='/bin/bash'
STRIP=''
VERSION='0.1'
ac_ct_CC='gcc'
am__EXEEXT_FALSE=''
am__EXEEXT_TRUE='#'
am__fastdepCC_FALSE='#'
am__fastdepCC_TRUE=''
am__include='include'
am__isrc=''
am__leading_dot='.'
am__nodep='_no'
am__quote=''
am__tar='$${TAR-tar} chof - "$$tardir"'
am__untar='$${TAR-tar} xf -'
bindir='${exec_prefix}/bin'
build_alias=''
datadir='${datarootdir}'
datarootdir='${prefix}/share'
docdir='${datarootdir}/doc/${PACKAGE_TARNAME}'
dvidir='${docdir}'
exec_prefix='${prefix}'
host_alias=''
htmldir='${docdir}'
includedir='${prefix}/include'
infodir='${datarootdir}/info'
install_sh='${SHELL} /home/soroush/workspace/tesseract-box-merge/install-sh'
libdir='${exec_prefix}/lib'
libexecdir='${exec_prefix}/libexec'
localedir='${datarootdir}/locale'
localstatedir='${prefix}/var'
mandir='${datarootdir}/man'
mkdir_p='$(MKDIR_P)'
oldincludedir='/usr/include'
pdfdir='${docdir}'
prefix='/usr/local'
program_transform_name='s,x,x,'
psdir='${docdir}'
sbindir='${exec_prefix}/sbin'
sharedstatedir='${prefix}/com'
sysconfdir='${prefix}/etc'
target_alias=''

## ----------- ##
## confdefs.h. ##
## ----------- ##

/* confdefs.h */
#define PACKAGE_NAME "tesseract-box-merge"
#define PACKAGE_TARNAME "tesseract-box-merge"
#define PACKAGE_VERSION "0.1"
#define PACKAGE_STRING "tesseract-box-merge 0.1"
#define PACKAGE_BUGREPORT "soroush@ametisco.ir"
#define PACKAGE_URL ""
#define PACKAGE "tesseract-box-merge"
#define VERSION "0.1"
#define STDC_HEADERS 1
#define HAVE_SYS_TYPES_H 1
#define HAVE_SYS_STAT_H 1
#define HAVE_STDLIB_H 1
#define HAVE_STRING_H 1
#define HAVE_MEMORY_H 1
#define HAVE_STRINGS_H 1
#define HAVE_INTTYPES_H 1
#define HAVE_STDINT_H 1
#define HAVE_UNISTD_H 1
#define HAVE_MEMORY_H 1
#define HAVE_STDDEF_H 1
#define HAVE_STDLIB_H 1
#define HAVE_STRING_H 1
#define HAVE_UNISTD_H 1
#define HAVE_STDLIB_H 1
#define HAVE_MALLOC 1
#define HAVE_STRDUP 1
#define HAVE_STRTOUL 1

configure: exit 0

## ---------------------- ##
## Running config.status. ##
## ---------------------- ##

This file was extended by tesseract-box-merge config.status 0.1, which was
generated by GNU Autoconf 2.69.  Invocation command line was

  CONFIG_FILES    = 
  CONFIG_HEADERS  = 
  CONFIG_LINKS    = 
  CONFIG_COMMANDS = 
  $ ./config.status src/Makefile depfiles

on gigtupus

config.status:863: creating src/Makefile
config.status:1092: executing depfiles commands
